# JRE version: Java(TM) SE Runtime Environment (18.0+36) (build 18+36-2087)
# Java VM: Java HotSpot(TM) 64-Bit Server VM (18+36-2087, mixed mode, emulated-client, sharing, tiered, compressed oops, compressed class ptrs, g1 gc, bsd-amd64)
GC Precious Log:
 CardTable entry size: 512
 Card Set container configuration: InlinePtr #cards 4 size 8 Array Of Cards #cards 16 size 48 Howl #buckets 8 coarsen threshold 3686 Howl Bitmap #cards 512 size 80 coarsen threshold 460 Card regions per heap region 1 cards per card region 4096
 CPUs: 8 total, 8 available
 Memory: 16384M
 Large Page Support: Disabled
 NUMA Support: Disabled
 Compressed Oops: Enabled (Zero based)
 Heap Region Size: 2M
 Heap Min Capacity: 8M
 Heap Initial Capacity: 256M
 Heap Max Capacity: 4G
 Pre-touch: Disabled
 Parallel Workers: 8
 Concurrent Workers: 2
 Concurrent Refinement Workers: 8
 Periodic GC: Disabled
Heap:
 garbage-first heap   total 159744K, used 55284K [0x0000000700000000, 0x0000000800000000)
  region size 2048K, 5 young (10240K), 4 survivors (8192K)
 Metaspace       used 77833K, committed 78656K, reserved 1179648K
  class space    used 9840K, committed 10240K, reserved 1048576K
GC Heap History (20 events):
Event: 4.821 GC heap before
{Heap before GC invocations=15 (full 0):
 garbage-first heap   total 110592K, used 81145K [0x0000000700000000, 0x0000000800000000)
  region size 2048K, 29 young (59392K), 4 survivors (8192K)
 Metaspace       used 49094K, committed 49600K, reserved 1114112K
  class space    used 6662K, committed 6912K, reserved 1048576K
}
Event: 4.829 GC heap after
{Heap after GC invocations=16 (full 0):
 garbage-first heap   total 110592K, used 35293K [0x0000000700000000, 0x0000000800000000)
  region size 2048K, 4 young (8192K), 4 survivors (8192K)
 Metaspace       used 49094K, committed 49600K, reserved 1114112K
  class space    used 6662K, committed 6912K, reserved 1048576K
}
Event: 5.497 GC heap before
{Heap before GC invocations=16 (full 0):
 garbage-first heap   total 110592K, used 84445K [0x0000000700000000, 0x0000000800000000)
  region size 2048K, 28 young (57344K), 4 survivors (8192K)
 Metaspace       used 49574K, committed 50112K, reserved 1114112K
  class space    used 6711K, committed 6976K, reserved 1048576K
}
Event: 5.502 GC heap after
{Heap after GC invocations=17 (full 0):
 garbage-first heap   total 110592K, used 36426K [0x0000000700000000, 0x0000000800000000)
  region size 2048K, 3 young (6144K), 3 survivors (6144K)
 Metaspace       used 49574K, committed 50112K, reserved 1114112K
  class space    used 6711K, committed 6976K, reserved 1048576K
}
Event: 5.957 GC heap before
{Heap before GC invocations=17 (full 0):
 garbage-first heap   total 110592K, used 85578K [0x0000000700000000, 0x0000000800000000)
  region size 2048K, 27 young (55296K), 3 survivors (6144K)
 Metaspace       used 50831K, committed 51328K, reserved 1114112K
  class space    used 6879K, committed 7104K, reserved 1048576K
}
Event: 5.962 GC heap after
{Heap after GC invocations=18 (full 0):
 garbage-first heap   total 110592K, used 37704K [0x0000000700000000, 0x0000000800000000)
  region size 2048K, 3 young (6144K), 3 survivors (6144K)
 Metaspace       used 50831K, committed 51328K, reserved 1114112K
  class space    used 6879K, committed 7104K, reserved 1048576K
}
Event: 6.337 GC heap before
{Heap before GC invocations=18 (full 0):
 garbage-first heap   total 110592K, used 86856K [0x0000000700000000, 0x0000000800000000)
  region size 2048K, 27 young (55296K), 3 survivors (6144K)
 Metaspace       used 52737K, committed 53312K, reserved 1114112K
  class space    used 7128K, committed 7360K, reserved 1048576K
}
Event: 6.342 GC heap after
{Heap after GC invocations=19 (full 0):
 garbage-first heap   total 133120K, used 40533K [0x0000000700000000, 0x0000000800000000)
  region size 2048K, 3 young (6144K), 3 survivors (6144K)
 Metaspace       used 52737K, committed 53312K, reserved 1114112K
  class space    used 7128K, committed 7360K, reserved 1048576K
}
Event: 6.639 GC heap before
{Heap before GC invocations=19 (full 0):
 garbage-first heap   total 133120K, used 73301K [0x0000000700000000, 0x0000000800000000)
  region size 2048K, 21 young (43008K), 3 survivors (6144K)
 Metaspace       used 60217K, committed 60736K, reserved 1114112K
  class space    used 7454K, committed 7680K, reserved 1048576K
}
Event: 6.644 GC heap after
{Heap after GC invocations=20 (full 0):
 garbage-first heap   total 133120K, used 40775K [0x0000000700000000, 0x0000000800000000)
  region size 2048K, 3 young (6144K), 3 survivors (6144K)
 Metaspace       used 60217K, committed 60736K, reserved 1114112K
  class space    used 7454K, committed 7680K, reserved 1048576K
}
Event: 6.995 GC heap before
{Heap before GC invocations=21 (full 0):
 garbage-first heap   total 133120K, used 106311K [0x0000000700000000, 0x0000000800000000)
  region size 2048K, 35 young (71680K), 3 survivors (6144K)
 Metaspace       used 63542K, committed 64128K, reserved 1114112K
  class space    used 7682K, committed 7936K, reserved 1048576K
}
Event: 7.000 GC heap after
{Heap after GC invocations=22 (full 0):
 garbage-first heap   total 133120K, used 44049K [0x0000000700000000, 0x0000000800000000)
  region size 2048K, 4 young (8192K), 4 survivors (8192K)
 Metaspace       used 63542K, committed 64128K, reserved 1114112K
  class space    used 7682K, committed 7936K, reserved 1048576K
}
Event: 7.337 GC heap before
{Heap before GC invocations=22 (full 0):
 garbage-first heap   total 133120K, used 105489K [0x0000000700000000, 0x0000000800000000)
  region size 2048K, 34 young (69632K), 4 survivors (8192K)
 Metaspace       used 64902K, committed 65472K, reserved 1114112K
  class space    used 7895K, committed 8128K, reserved 1048576K
}
Event: 7.344 GC heap after
{Heap after GC invocations=23 (full 0):
 garbage-first heap   total 133120K, used 45252K [0x0000000700000000, 0x0000000800000000)
  region size 2048K, 3 young (6144K), 3 survivors (6144K)
 Metaspace       used 64902K, committed 65472K, reserved 1114112K
  class space    used 7895K, committed 8128K, reserved 1048576K
}
Event: 7.840 GC heap before
{Heap before GC invocations=23 (full 0):
 garbage-first heap   total 133120K, used 106692K [0x0000000700000000, 0x0000000800000000)
  region size 2048K, 33 young (67584K), 3 survivors (6144K)
 Metaspace       used 67914K, committed 68608K, reserved 1114112K
  class space    used 8393K, committed 8704K, reserved 1048576K
}
Event: 7.849 GC heap after
{Heap after GC invocations=24 (full 0):
 garbage-first heap   total 133120K, used 48917K [0x0000000700000000, 0x0000000800000000)
  region size 2048K, 5 young (10240K), 5 survivors (10240K)
 Metaspace       used 67914K, committed 68608K, reserved 1114112K
  class space    used 8393K, committed 8704K, reserved 1048576K
}
Event: 8.472 GC heap before
{Heap before GC invocations=24 (full 0):
 garbage-first heap   total 133120K, used 104213K [0x0000000700000000, 0x0000000800000000)
  region size 2048K, 32 young (65536K), 5 survivors (10240K)
 Metaspace       used 71765K, committed 72384K, reserved 1114112K
  class space    used 8921K, committed 9216K, reserved 1048576K
}
Event: 8.481 GC heap after
{Heap after GC invocations=25 (full 0):
 garbage-first heap   total 159744K, used 52565K [0x0000000700000000, 0x0000000800000000)
  region size 2048K, 4 young (8192K), 4 survivors (8192K)
 Metaspace       used 71765K, committed 72384K, reserved 1114112K
  class space    used 8921K, committed 9216K, reserved 1048576K
}
Event: 98.478 GC heap before
{Heap before GC invocations=25 (full 0):
 garbage-first heap   total 159744K, used 126293K [0x0000000700000000, 0x0000000800000000)
  region size 2048K, 41 young (83968K), 4 survivors (8192K)
 Metaspace       used 77832K, committed 78656K, reserved 1179648K
  class space    used 9839K, committed 10240K, reserved 1048576K
}
Event: 98.502 GC heap after
{Heap after GC invocations=26 (full 0):
 garbage-first heap   total 159744K, used 55284K [0x0000000700000000, 0x0000000800000000)
  region size 2048K, 4 young (8192K), 4 survivors (8192K)
 Metaspace       used 77832K, committed 78656K, reserved 1179648K
  class space    used 9839K, committed 10240K, reserved 1048576K
}

