# JRE version: Java(TM) SE Runtime Environment (18.0+36) (build 18+36-2087)
# Java VM: Java HotSpot(TM) 64-Bit Server VM (18+36-2087, mixed mode, emulated-client, sharing, tiered, compressed oops, compressed class ptrs, g1 gc, bsd-amd64)
GC Precious Log:
 CardTable entry size: 512
 Card Set container configuration: InlinePtr #cards 4 size 8 Array Of Cards #cards 16 size 48 Howl #buckets 8 coarsen threshold 3686 Howl Bitmap #cards 512 size 80 coarsen threshold 460 Card regions per heap region 1 cards per card region 4096
 CPUs: 8 total, 8 available
 Memory: 16384M
 Large Page Support: Disabled
 NUMA Support: Disabled
 Compressed Oops: Enabled (Zero based)
 Heap Region Size: 2M
 Heap Min Capacity: 8M
 Heap Initial Capacity: 256M
 Heap Max Capacity: 4G
 Pre-touch: Disabled
 Parallel Workers: 8
 Concurrent Workers: 2
 Concurrent Refinement Workers: 8
 Periodic GC: Disabled
Heap:
 garbage-first heap   total 133120K, used 58359K [0x0000000700000000, 0x0000000800000000)
  region size 2048K, 4 young (8192K), 2 survivors (4096K)
 Metaspace       used 78027K, committed 78848K, reserved 1179648K
  class space    used 9888K, committed 10304K, reserved 1048576K
GC Heap History (20 events):
Event: 8.251 GC heap before
{Heap before GC invocations=16 (full 0):
 garbage-first heap   total 110592K, used 85196K [0x0000000700000000, 0x0000000800000000)
  region size 2048K, 28 young (57344K), 4 survivors (8192K)
 Metaspace       used 49753K, committed 50304K, reserved 1114112K
  class space    used 6725K, committed 6976K, reserved 1048576K
}
Event: 8.257 GC heap after
{Heap after GC invocations=17 (full 0):
 garbage-first heap   total 110592K, used 36912K [0x0000000700000000, 0x0000000800000000)
  region size 2048K, 3 young (6144K), 3 survivors (6144K)
 Metaspace       used 49753K, committed 50304K, reserved 1114112K
  class space    used 6725K, committed 6976K, reserved 1048576K
}
Event: 8.768 GC heap before
{Heap before GC invocations=17 (full 0):
 garbage-first heap   total 110592K, used 84016K [0x0000000700000000, 0x0000000800000000)
  region size 2048K, 26 young (53248K), 3 survivors (6144K)
 Metaspace       used 51079K, committed 51648K, reserved 1114112K
  class space    used 6908K, committed 7168K, reserved 1048576K
}
Event: 8.772 GC heap after
{Heap after GC invocations=18 (full 0):
 garbage-first heap   total 110592K, used 38644K [0x0000000700000000, 0x0000000800000000)
  region size 2048K, 3 young (6144K), 3 survivors (6144K)
 Metaspace       used 51079K, committed 51648K, reserved 1114112K
  class space    used 6908K, committed 7168K, reserved 1048576K
}
Event: 9.129 GC heap before
{Heap before GC invocations=18 (full 0):
 garbage-first heap   total 110592K, used 85748K [0x0000000700000000, 0x0000000800000000)
  region size 2048K, 26 young (53248K), 3 survivors (6144K)
 Metaspace       used 52909K, committed 53440K, reserved 1114112K
  class space    used 7142K, committed 7360K, reserved 1048576K
}
Event: 9.134 GC heap after
{Heap after GC invocations=19 (full 0):
 garbage-first heap   total 110592K, used 41359K [0x0000000700000000, 0x0000000800000000)
  region size 2048K, 3 young (6144K), 3 survivors (6144K)
 Metaspace       used 52909K, committed 53440K, reserved 1114112K
  class space    used 7142K, committed 7360K, reserved 1048576K
}
Event: 9.429 GC heap before
{Heap before GC invocations=19 (full 0):
 garbage-first heap   total 110592K, used 70031K [0x0000000700000000, 0x0000000800000000)
  region size 2048K, 19 young (38912K), 3 survivors (6144K)
 Metaspace       used 59741K, committed 60288K, reserved 1114112K
  class space    used 7396K, committed 7680K, reserved 1048576K
}
Event: 9.434 GC heap after
{Heap after GC invocations=20 (full 0):
 garbage-first heap   total 133120K, used 41888K [0x0000000700000000, 0x0000000800000000)
  region size 2048K, 2 young (4096K), 2 survivors (4096K)
 Metaspace       used 59741K, committed 60288K, reserved 1114112K
  class space    used 7396K, committed 7680K, reserved 1048576K
}
Event: 9.860 GC heap before
{Heap before GC invocations=21 (full 0):
 garbage-first heap   total 133120K, used 107424K [0x0000000700000000, 0x0000000800000000)
  region size 2048K, 34 young (69632K), 2 survivors (4096K)
 Metaspace       used 63716K, committed 64256K, reserved 1114112K
  class space    used 7697K, committed 7936K, reserved 1048576K
}
Event: 9.865 GC heap after
{Heap after GC invocations=22 (full 0):
 garbage-first heap   total 133120K, used 44613K [0x0000000700000000, 0x0000000800000000)
  region size 2048K, 4 young (8192K), 4 survivors (8192K)
 Metaspace       used 63716K, committed 64256K, reserved 1114112K
  class space    used 7697K, committed 7936K, reserved 1048576K
}
Event: 10.166 GC heap before
{Heap before GC invocations=22 (full 0):
 garbage-first heap   total 133120K, used 106053K [0x0000000700000000, 0x0000000800000000)
  region size 2048K, 34 young (69632K), 4 survivors (8192K)
 Metaspace       used 64892K, committed 65472K, reserved 1114112K
  class space    used 7874K, committed 8128K, reserved 1048576K
}
Event: 10.172 GC heap after
{Heap after GC invocations=23 (full 0):
 garbage-first heap   total 133120K, used 45821K [0x0000000700000000, 0x0000000800000000)
  region size 2048K, 3 young (6144K), 3 survivors (6144K)
 Metaspace       used 64892K, committed 65472K, reserved 1114112K
  class space    used 7874K, committed 8128K, reserved 1048576K
}
Event: 10.651 GC heap before
{Heap before GC invocations=23 (full 0):
 garbage-first heap   total 133120K, used 105213K [0x0000000700000000, 0x0000000800000000)
  region size 2048K, 32 young (65536K), 3 survivors (6144K)
 Metaspace       used 67824K, committed 68416K, reserved 1114112K
  class space    used 8366K, committed 8640K, reserved 1048576K
}
Event: 10.657 GC heap after
{Heap after GC invocations=24 (full 0):
 garbage-first heap   total 133120K, used 49302K [0x0000000700000000, 0x0000000800000000)
  region size 2048K, 3 young (6144K), 3 survivors (6144K)
 Metaspace       used 67824K, committed 68416K, reserved 1114112K
  class space    used 8366K, committed 8640K, reserved 1048576K
}
Event: 11.331 GC heap before
{Heap before GC invocations=24 (full 0):
 garbage-first heap   total 133120K, used 106646K [0x0000000700000000, 0x0000000800000000)
  region size 2048K, 31 young (63488K), 3 survivors (6144K)
 Metaspace       used 71575K, committed 72192K, reserved 1114112K
  class space    used 8880K, committed 9152K, reserved 1048576K
}
Event: 11.337 GC heap after
{Heap after GC invocations=25 (full 0):
 garbage-first heap   total 133120K, used 53254K [0x0000000700000000, 0x0000000800000000)
  region size 2048K, 4 young (8192K), 4 survivors (8192K)
 Metaspace       used 71575K, committed 72192K, reserved 1114112K
  class space    used 8880K, committed 9152K, reserved 1048576K
}
Event: 849.998 GC heap before
{Heap before GC invocations=25 (full 0):
 garbage-first heap   total 133120K, used 102406K [0x0000000700000000, 0x0000000800000000)
  region size 2048K, 29 young (59392K), 4 survivors (8192K)
 Metaspace       used 74484K, committed 75264K, reserved 1179648K
  class space    used 9298K, committed 9664K, reserved 1048576K
}
Event: 850.004 GC heap after
{Heap after GC invocations=26 (full 0):
 garbage-first heap   total 133120K, used 55095K [0x0000000700000000, 0x0000000800000000)
  region size 2048K, 3 young (6144K), 3 survivors (6144K)
 Metaspace       used 74484K, committed 75264K, reserved 1179648K
  class space    used 9298K, committed 9664K, reserved 1048576K
}
Event: 1307.839 GC heap before
{Heap before GC invocations=26 (full 0):
 garbage-first heap   total 133120K, used 104247K [0x0000000700000000, 0x0000000800000000)
  region size 2048K, 28 young (57344K), 3 survivors (6144K)
 Metaspace       used 78027K, committed 78848K, reserved 1179648K
  class space    used 9888K, committed 10304K, reserved 1048576K
}
Event: 1307.872 GC heap after
{Heap after GC invocations=27 (full 0):
 garbage-first heap   total 133120K, used 56311K [0x0000000700000000, 0x0000000800000000)
  region size 2048K, 2 young (4096K), 2 survivors (4096K)
 Metaspace       used 78027K, committed 78848K, reserved 1179648K
  class space    used 9888K, committed 10304K, reserved 1048576K
}

