# JRE version: Java(TM) SE Runtime Environment (18.0+36) (build 18+36-2087)
# Java VM: Java HotSpot(TM) 64-Bit Server VM (18+36-2087, mixed mode, emulated-client, sharing, tiered, compressed oops, compressed class ptrs, g1 gc, bsd-amd64)
GC Precious Log:
 CardTable entry size: 512
 Card Set container configuration: InlinePtr #cards 4 size 8 Array Of Cards #cards 16 size 48 Howl #buckets 8 coarsen threshold 3686 Howl Bitmap #cards 512 size 80 coarsen threshold 460 Card regions per heap region 1 cards per card region 4096
 CPUs: 8 total, 8 available
 Memory: 16384M
 Large Page Support: Disabled
 NUMA Support: Disabled
 Compressed Oops: Enabled (Zero based)
 Heap Region Size: 2M
 Heap Min Capacity: 8M
 Heap Initial Capacity: 256M
 Heap Max Capacity: 4G
 Pre-touch: Disabled
 Parallel Workers: 8
 Concurrent Workers: 2
 Concurrent Refinement Workers: 8
 Periodic GC: Disabled
Heap:
 garbage-first heap   total 141312K, used 61077K [0x0000000700000000, 0x0000000800000000)
  region size 2048K, 5 young (10240K), 2 survivors (4096K)
 Metaspace       used 80633K, committed 81408K, reserved 1179648K
  class space    used 10330K, committed 10688K, reserved 1048576K
GC Heap History (20 events):
Event: 5.510 GC heap before
{Heap before GC invocations=16 (full 0):
 garbage-first heap   total 116736K, used 87511K [0x0000000700000000, 0x0000000800000000)
  region size 2048K, 29 young (59392K), 4 survivors (8192K)
 Metaspace       used 49597K, committed 50112K, reserved 1114112K
  class space    used 6709K, committed 6976K, reserved 1048576K
}
Event: 5.515 GC heap after
{Heap after GC invocations=17 (full 0):
 garbage-first heap   total 116736K, used 37574K [0x0000000700000000, 0x0000000800000000)
  region size 2048K, 3 young (6144K), 3 survivors (6144K)
 Metaspace       used 49597K, committed 50112K, reserved 1114112K
  class space    used 6709K, committed 6976K, reserved 1048576K
}
Event: 5.872 GC heap before
{Heap before GC invocations=17 (full 0):
 garbage-first heap   total 116736K, used 88774K [0x0000000700000000, 0x0000000800000000)
  region size 2048K, 29 young (59392K), 3 survivors (6144K)
 Metaspace       used 52197K, committed 52736K, reserved 1114112K
  class space    used 7052K, committed 7296K, reserved 1048576K
}
Event: 5.876 GC heap after
{Heap after GC invocations=18 (full 0):
 garbage-first heap   total 116736K, used 39702K [0x0000000700000000, 0x0000000800000000)
  region size 2048K, 4 young (8192K), 4 survivors (8192K)
 Metaspace       used 52197K, committed 52736K, reserved 1114112K
  class space    used 7052K, committed 7296K, reserved 1048576K
}
Event: 6.273 GC heap before
{Heap before GC invocations=18 (full 0):
 garbage-first heap   total 116736K, used 88854K [0x0000000700000000, 0x0000000800000000)
  region size 2048K, 29 young (59392K), 4 survivors (8192K)
 Metaspace       used 58731K, committed 59328K, reserved 1114112K
  class space    used 7338K, committed 7616K, reserved 1048576K
}
Event: 6.278 GC heap after
{Heap after GC invocations=19 (full 0):
 garbage-first heap   total 141312K, used 41742K [0x0000000700000000, 0x0000000800000000)
  region size 2048K, 3 young (6144K), 3 survivors (6144K)
 Metaspace       used 58731K, committed 59328K, reserved 1114112K
  class space    used 7338K, committed 7616K, reserved 1048576K
}
Event: 6.338 GC heap before
{Heap before GC invocations=19 (full 0):
 garbage-first heap   total 141312K, used 49934K [0x0000000700000000, 0x0000000800000000)
  region size 2048K, 8 young (16384K), 3 survivors (6144K)
 Metaspace       used 60217K, committed 60736K, reserved 1114112K
  class space    used 7455K, committed 7680K, reserved 1048576K
}
Event: 6.343 GC heap after
{Heap after GC invocations=20 (full 0):
 garbage-first heap   total 141312K, used 41758K [0x0000000700000000, 0x0000000800000000)
  region size 2048K, 3 young (6144K), 3 survivors (6144K)
 Metaspace       used 60217K, committed 60736K, reserved 1114112K
  class space    used 7455K, committed 7680K, reserved 1048576K
}
Event: 6.719 GC heap before
{Heap before GC invocations=21 (full 0):
 garbage-first heap   total 141312K, used 113438K [0x0000000700000000, 0x0000000800000000)
  region size 2048K, 38 young (77824K), 3 survivors (6144K)
 Metaspace       used 63555K, committed 64128K, reserved 1114112K
  class space    used 7681K, committed 7936K, reserved 1048576K
}
Event: 6.725 GC heap after
{Heap after GC invocations=22 (full 0):
 garbage-first heap   total 141312K, used 44672K [0x0000000700000000, 0x0000000800000000)
  region size 2048K, 5 young (10240K), 5 survivors (10240K)
 Metaspace       used 63555K, committed 64128K, reserved 1114112K
  class space    used 7681K, committed 7936K, reserved 1048576K
}
Event: 7.142 GC heap before
{Heap before GC invocations=22 (full 0):
 garbage-first heap   total 141312K, used 110208K [0x0000000700000000, 0x0000000800000000)
  region size 2048K, 37 young (75776K), 5 survivors (10240K)
 Metaspace       used 65345K, committed 65984K, reserved 1114112K
  class space    used 7975K, committed 8256K, reserved 1048576K
}
Event: 7.149 GC heap after
{Heap after GC invocations=23 (full 0):
 garbage-first heap   total 141312K, used 47188K [0x0000000700000000, 0x0000000800000000)
  region size 2048K, 3 young (6144K), 3 survivors (6144K)
 Metaspace       used 65345K, committed 65984K, reserved 1114112K
  class space    used 7975K, committed 8256K, reserved 1048576K
}
Event: 7.871 GC heap before
{Heap before GC invocations=23 (full 0):
 garbage-first heap   total 141312K, used 114772K [0x0000000700000000, 0x0000000800000000)
  region size 2048K, 36 young (73728K), 3 survivors (6144K)
 Metaspace       used 68409K, committed 69056K, reserved 1114112K
  class space    used 8460K, committed 8768K, reserved 1048576K
}
Event: 7.877 GC heap after
{Heap after GC invocations=24 (full 0):
 garbage-first heap   total 141312K, used 50689K [0x0000000700000000, 0x0000000800000000)
  region size 2048K, 3 young (6144K), 3 survivors (6144K)
 Metaspace       used 68409K, committed 69056K, reserved 1114112K
  class space    used 8460K, committed 8768K, reserved 1048576K
}
Event: 28.321 GC heap before
{Heap before GC invocations=24 (full 0):
 garbage-first heap   total 141312K, used 114177K [0x0000000700000000, 0x0000000800000000)
  region size 2048K, 34 young (69632K), 3 survivors (6144K)
 Metaspace       used 73287K, committed 73984K, reserved 1114112K
  class space    used 9132K, committed 9472K, reserved 1048576K
}
Event: 28.329 GC heap after
{Heap after GC invocations=25 (full 0):
 garbage-first heap   total 141312K, used 54148K [0x0000000700000000, 0x0000000800000000)
  region size 2048K, 4 young (8192K), 4 survivors (8192K)
 Metaspace       used 73287K, committed 73984K, reserved 1114112K
  class space    used 9132K, committed 9472K, reserved 1048576K
}
Event: 39.450 GC heap before
{Heap before GC invocations=25 (full 0):
 garbage-first heap   total 141312K, used 109444K [0x0000000700000000, 0x0000000800000000)
  region size 2048K, 32 young (65536K), 4 survivors (8192K)
 Metaspace       used 77345K, committed 78208K, reserved 1179648K
  class space    used 9780K, committed 10176K, reserved 1048576K
}
Event: 39.456 GC heap after
{Heap after GC invocations=26 (full 0):
 garbage-first heap   total 141312K, used 55948K [0x0000000700000000, 0x0000000800000000)
  region size 2048K, 2 young (4096K), 2 survivors (4096K)
 Metaspace       used 77345K, committed 78208K, reserved 1179648K
  class space    used 9780K, committed 10176K, reserved 1048576K
}
Event: 475.305 GC heap before
{Heap before GC invocations=26 (full 0):
 garbage-first heap   total 141312K, used 109196K [0x0000000700000000, 0x0000000800000000)
  region size 2048K, 29 young (59392K), 2 survivors (4096K)
 Metaspace       used 80459K, committed 81280K, reserved 1179648K
  class space    used 10312K, committed 10688K, reserved 1048576K
}
Event: 475.308 GC heap after
{Heap after GC invocations=27 (full 0):
 garbage-first heap   total 141312K, used 56981K [0x0000000700000000, 0x0000000800000000)
  region size 2048K, 2 young (4096K), 2 survivors (4096K)
 Metaspace       used 80459K, committed 81280K, reserved 1179648K
  class space    used 10312K, committed 10688K, reserved 1048576K
}

