# JRE version: OpenJDK Runtime Environment (18.0+36) (build 18+36-2087)
# Java VM: OpenJDK 64-Bit Server VM (18+36-2087, mixed mode, emulated-client, sharing, tiered, compressed oops, compressed class ptrs, g1 gc, windows-amd64)
GC Precious Log:
 CardTable entry size: 512
 Card Set container configuration: InlinePtr #cards 4 size 8 Array Of Cards #cards 64 size 144 Howl #buckets 8 coarsen threshold 14745 Howl Bitmap #cards 2048 size 272 coarsen threshold 1843 Card regions per heap region 1 cards per card region 16384
 CPUs: 12 total, 12 available
 Memory: 65476M
 Large Page Support: Disabled
 NUMA Support: Disabled
 Compressed Oops: Enabled (Zero based)
 Heap Region Size: 8M
 Heap Min Capacity: 8M
 Heap Initial Capacity: 1G
 Heap Max Capacity: 16376M
 Pre-touch: Disabled
 Parallel Workers: 10
 Concurrent Workers: 3
 Concurrent Refinement Workers: 10
 Periodic GC: Disabled
Heap:
 garbage-first heap   total 139264K, used 76073K [0x0000000400800000, 0x0000000800000000)
  region size 8192K, 7 young (57344K), 1 survivors (8192K)
 Metaspace       used 65648K, committed 66496K, reserved 1114112K
  class space    used 9144K, committed 9536K, reserved 1048576K
GC Heap History (20 events):
Event: 4.828 GC heap before
{Heap before GC invocations=10 (full 0):
 garbage-first heap   total 114688K, used 38684K [0x0000000400800000, 0x0000000800000000)
  region size 8192K, 4 young (32768K), 1 survivors (8192K)
 Metaspace       used 35765K, committed 36160K, reserved 1114112K
  class space    used 4815K, committed 4992K, reserved 1048576K
}
Event: 4.841 GC heap after
{Heap after GC invocations=11 (full 0):
 garbage-first heap   total 581632K, used 23300K [0x0000000400800000, 0x0000000800000000)
  region size 8192K, 1 young (8192K), 1 survivors (8192K)
 Metaspace       used 35765K, committed 36160K, reserved 1114112K
  class space    used 4815K, committed 4992K, reserved 1048576K
}
Event: 5.483 GC heap before
{Heap before GC invocations=12 (full 0):
 garbage-first heap   total 139264K, used 97028K [0x0000000400800000, 0x0000000800000000)
  region size 8192K, 10 young (81920K), 1 survivors (8192K)
 Metaspace       used 41786K, committed 42240K, reserved 1114112K
  class space    used 5755K, committed 5952K, reserved 1048576K
}
Event: 5.489 GC heap after
{Heap after GC invocations=13 (full 0):
 garbage-first heap   total 139264K, used 26956K [0x0000000400800000, 0x0000000800000000)
  region size 8192K, 1 young (8192K), 1 survivors (8192K)
 Metaspace       used 41786K, committed 42240K, reserved 1114112K
  class space    used 5755K, committed 5952K, reserved 1048576K
}
Event: 5.533 GC heap before
{Heap before GC invocations=13 (full 0):
 garbage-first heap   total 139264K, used 35148K [0x0000000400800000, 0x0000000800000000)
  region size 8192K, 2 young (16384K), 1 survivors (8192K)
 Metaspace       used 42549K, committed 43072K, reserved 1114112K
  class space    used 5858K, committed 6144K, reserved 1048576K
}
Event: 5.541 GC heap after
{Heap after GC invocations=14 (full 0):
 garbage-first heap   total 139264K, used 27606K [0x0000000400800000, 0x0000000800000000)
  region size 8192K, 1 young (8192K), 1 survivors (8192K)
 Metaspace       used 42549K, committed 43072K, reserved 1114112K
  class space    used 5858K, committed 6144K, reserved 1048576K
}
Event: 6.404 GC heap before
{Heap before GC invocations=14 (full 0):
 garbage-first heap   total 139264K, used 93142K [0x0000000400800000, 0x0000000800000000)
  region size 8192K, 10 young (81920K), 1 survivors (8192K)
 Metaspace       used 48259K, committed 48832K, reserved 1114112K
  class space    used 6576K, committed 6848K, reserved 1048576K
}
Event: 6.409 GC heap after
{Heap after GC invocations=15 (full 0):
 garbage-first heap   total 139264K, used 30746K [0x0000000400800000, 0x0000000800000000)
  region size 8192K, 1 young (8192K), 1 survivors (8192K)
 Metaspace       used 48259K, committed 48832K, reserved 1114112K
  class space    used 6576K, committed 6848K, reserved 1048576K
}
Event: 7.327 GC heap before
{Heap before GC invocations=15 (full 0):
 garbage-first heap   total 139264K, used 104474K [0x0000000400800000, 0x0000000800000000)
  region size 8192K, 10 young (81920K), 1 survivors (8192K)
 Metaspace       used 50554K, committed 51072K, reserved 1114112K
  class space    used 6865K, committed 7104K, reserved 1048576K
}
Event: 7.332 GC heap after
{Heap after GC invocations=16 (full 0):
 garbage-first heap   total 139264K, used 33023K [0x0000000400800000, 0x0000000800000000)
  region size 8192K, 2 young (16384K), 2 survivors (16384K)
 Metaspace       used 50554K, committed 51072K, reserved 1114112K
  class space    used 6865K, committed 7104K, reserved 1048576K
}
Event: 8.395 GC heap before
{Heap before GC invocations=16 (full 0):
 garbage-first heap   total 139264K, used 98559K [0x0000000400800000, 0x0000000800000000)
  region size 8192K, 10 young (81920K), 2 survivors (16384K)
 Metaspace       used 53668K, committed 54272K, reserved 1114112K
  class space    used 7329K, committed 7616K, reserved 1048576K
}
Event: 8.403 GC heap after
{Heap after GC invocations=17 (full 0):
 garbage-first heap   total 139264K, used 36754K [0x0000000400800000, 0x0000000800000000)
  region size 8192K, 2 young (16384K), 2 survivors (16384K)
 Metaspace       used 53668K, committed 54272K, reserved 1114112K
  class space    used 7329K, committed 7616K, reserved 1048576K
}
Event: 9.416 GC heap before
{Heap before GC invocations=17 (full 0):
 garbage-first heap   total 139264K, used 94098K [0x0000000400800000, 0x0000000800000000)
  region size 8192K, 9 young (73728K), 2 survivors (16384K)
 Metaspace       used 56113K, committed 56704K, reserved 1114112K
  class space    used 7717K, committed 8000K, reserved 1048576K
}
Event: 9.426 GC heap after
{Heap after GC invocations=18 (full 0):
 garbage-first heap   total 139264K, used 40141K [0x0000000400800000, 0x0000000800000000)
  region size 8192K, 2 young (16384K), 2 survivors (16384K)
 Metaspace       used 56113K, committed 56704K, reserved 1114112K
  class space    used 7717K, committed 8000K, reserved 1048576K
}
Event: 9.773 GC heap before
{Heap before GC invocations=18 (full 0):
 garbage-first heap   total 139264K, used 72909K [0x0000000400800000, 0x0000000800000000)
  region size 8192K, 7 young (57344K), 2 survivors (16384K)
 Metaspace       used 59787K, committed 60416K, reserved 1114112K
  class space    used 8230K, committed 8512K, reserved 1048576K
}
Event: 9.780 GC heap after
{Heap after GC invocations=19 (full 0):
 garbage-first heap   total 139264K, used 43099K [0x0000000400800000, 0x0000000800000000)
  region size 8192K, 2 young (16384K), 2 survivors (16384K)
 Metaspace       used 59787K, committed 60416K, reserved 1114112K
  class space    used 8230K, committed 8512K, reserved 1048576K
}
Event: 138.608 GC heap before
{Heap before GC invocations=20 (full 0):
 garbage-first heap   total 139264K, used 100443K [0x0000000400800000, 0x0000000800000000)
  region size 8192K, 9 young (73728K), 2 survivors (16384K)
 Metaspace       used 63807K, committed 64576K, reserved 1114112K
  class space    used 8847K, committed 9216K, reserved 1048576K
}
Event: 138.615 GC heap after
{Heap after GC invocations=21 (full 0):
 garbage-first heap   total 139264K, used 44134K [0x0000000400800000, 0x0000000800000000)
  region size 8192K, 1 young (8192K), 1 survivors (8192K)
 Metaspace       used 63807K, committed 64576K, reserved 1114112K
  class space    used 8847K, committed 9216K, reserved 1048576K
}
Event: 138.683 GC heap before
{Heap before GC invocations=21 (full 0):
 garbage-first heap   total 139264K, used 52326K [0x0000000400800000, 0x0000000800000000)
  region size 8192K, 2 young (16384K), 1 survivors (8192K)
 Metaspace       used 64558K, committed 65344K, reserved 1114112K
  class space    used 8964K, committed 9344K, reserved 1048576K
}
Event: 138.690 GC heap after
{Heap after GC invocations=22 (full 0):
 garbage-first heap   total 139264K, used 43305K [0x0000000400800000, 0x0000000800000000)
  region size 8192K, 1 young (8192K), 1 survivors (8192K)
 Metaspace       used 64558K, committed 65344K, reserved 1114112K
  class space    used 8964K, committed 9344K, reserved 1048576K
}

